07 March 2018 07:39:09 PM

PRIME_MPI
  C/MPI version

  An MPI example program to count the number of primes.
  The number of processes is 4

         N        Pi          Time

         1         0        0.000110
         2         1        0.000007
         4         2        0.000003
         8         4        0.000003
        16         6        0.000002
        32        11        0.000003
        64        18        0.000003
       128        31        0.000006
       256        54        0.000017
       512        97        0.000047
      1024       172        0.000149
      2048       309        0.000535
      4096       564        0.001936
      8192      1028        0.006888
     16384      1900        0.025718
     32768      3512        0.094777
     65536      6542        0.353672
    131072     12251        1.335418
    262144     23000        5.004430

PRIME_MPI - Master process:
  Normal end of execution.

07 March 2018 07:39:16 PM
