 psizes=            2           2           2
 proc            0 : dim rank=                      0                     0
                     0
 proc            0 : starts=                      1                     1
                     1
 proc            0 : counts=                      4                     3
                     2
 buf=            0           1           2           3           8           9
          10          11          16          17          18          19
          48          49          50          51          56          57
          58          59          64          65          66          67
 proc            1 : dim rank=                      1                     0
                     0
 proc            1 : starts=                      5                     1
                     1
 proc            1 : counts=                      4                     3
                     2
 proc            2 : dim rank=                      0                     1
                     0
 proc            2 : starts=                      1                     4
                     1
 proc            2 : counts=                      4                     3
                     2
 proc            3 : dim rank=                      1                     1
                     0
 proc            3 : starts=                      5                     4
                     1
 proc            3 : counts=                      4                     3
                     2
 proc            4 : dim rank=                      0                     0
                     1
 proc            4 : starts=                      1                     1
                     3
 proc            4 : counts=                      4                     3
                     2
 proc            5 : dim rank=                      1                     0
                     1
 proc            5 : starts=                      5                     1
                     3
 proc            5 : counts=                      4                     3
                     2
 proc            6 : dim rank=                      0                     1
                     1
 proc            6 : starts=                      1                     4
                     3
 proc            6 : counts=                      4                     3
                     2
 proc            7 : dim rank=                      1                     1
                     1
 proc            7 : starts=                      5                     4
                     3
 proc            7 : counts=                      4                     3
                     2
