           5  lowest eigenvalues - Lanczos
 iteration:           1
           1   34999.7013987699     
           2  0.000000000000000E+000
           3  0.000000000000000E+000
           4  0.000000000000000E+000
           5  0.000000000000000E+000
           5  lowest eigenvalues - Lanczos
 iteration:           2
           1   34999.8688219519     
           2  0.000000000000000E+000
           3  0.000000000000000E+000
           4  0.000000000000000E+000
           5  0.000000000000000E+000
           5  lowest eigenvalues - Lanczos
 iteration:           3
           1   34999.8688227451     
           2   75.6872979509935     
           3  0.000000000000000E+000
           4  0.000000000000000E+000
           5  0.000000000000000E+000
           5  lowest eigenvalues - Lanczos
 iteration:           4
           1   34999.8688227451     
           2   107.245633616501     
           3  0.000000000000000E+000
           4  0.000000000000000E+000
           5  0.000000000000000E+000
           5  lowest eigenvalues - Lanczos
 iteration:           5
           1   34999.8688227451     
           2   122.811325602061     
           3   46.6138493277251     
           4  0.000000000000000E+000
           5  0.000000000000000E+000
           5  lowest eigenvalues - Lanczos
 iteration:           6
           1   34999.8688227451     
           2   131.549298748272     
           3   75.8736787835562     
           4  0.000000000000000E+000
           5  0.000000000000000E+000
           5  lowest eigenvalues - Lanczos
 iteration:           7
           1   34999.8688227451     
           2   136.890193740893     
           3   94.6483663078679     
           4   33.5263135001988     
           5  0.000000000000000E+000
           5  lowest eigenvalues - Lanczos
 iteration:           8
           1   34999.8688227451     
           2   140.467084744843     
           3   107.562668226026     
           4   58.1920523598532     
           5  0.000000000000000E+000
           5  lowest eigenvalues - Lanczos
 iteration:           9
           1   34999.8688227451     
           2   142.950487602629     
           3   116.570711839189     
           4   75.9331599801077     
           5   26.1037967791043     
           5  lowest eigenvalues - Lanczos
 iteration:          10
           1   34999.8688227451     
           2   144.758410964349     
           3   123.153090499893     
           4   89.4200298359709     
           5   47.1331296220992     
           5  lowest eigenvalues - Lanczos
 iteration:          11
           1   34999.8688227451     
           2   146.120261883820     
           3   128.114878376048     
           4   99.7659261677789     
           5   63.2805618123607     
           5  lowest eigenvalues - Lanczos
 iteration:          12
           1   34999.8688227451     
           2   147.172189183873     
           3   131.933164509238     
           4   107.769342873949     
           5   76.0910985613506     
           5  lowest eigenvalues - Lanczos
 iteration:          13
           1   34999.8688227451     
           2   148.000045886046     
           3   134.923327691929     
           4   114.082961442664     
           5   86.5176505574954     
           5  lowest eigenvalues - Lanczos
 iteration:          14
           1   34999.8688227451     
           2   148.659498632396     
           3   137.296344978176     
           4   119.140724242310     
           5   94.9967228306223     
           5  lowest eigenvalues - Lanczos
 iteration:          15
           1   34999.8688227451     
           2   149.184643530764     
           3   139.190224650653     
           4   123.233145350673     
           5   101.928933801332     
           5  lowest eigenvalues - Lanczos
 iteration:          16
           1   34999.8688227451     
           2   149.618656989884     
           3   140.772672168629     
           4   126.705217350720     
           5   107.838566670918     
           5  lowest eigenvalues - Lanczos
 iteration:          17
           1   34999.8688227451     
           2   149.984155869991     
           3   142.121003722250     
           4   129.662546755996     
           5   112.798089814233     
           5  lowest eigenvalues - Lanczos
 iteration:          18
           1   34999.8688227451     
           2   150.301139473007     
           3   143.294676870743     
           4   132.184107107130     
           5   116.956114492295     
           5  lowest eigenvalues - Lanczos
 iteration:          19
           1   34999.8688227451     
           2   150.580904053308     
           3   144.319182542625     
           4   134.313592941998     
           5   120.468477652838     
           5  lowest eigenvalues - Lanczos
 iteration:          20
           1   34999.8688227451     
           2   150.826787737155     
           3   145.196321098531     
           4   136.083102687167     
           5   123.452003710539     
           5  lowest eigenvalues - Lanczos
 iteration:          21
           1   34999.8688227451     
           2   151.040909956149     
           3   145.934764645565     
           4   137.557225501568     
           5   126.033448479794     
           5  lowest eigenvalues - Lanczos
 iteration:          22
           1   34999.8688227451     
           2   151.230824010991     
           3   146.568883080990     
           4   138.842029771989     
           5   128.369834835256     
           5  lowest eigenvalues - Lanczos
 iteration:          23
           1   34999.8688227451     
           2   151.398941277641     
           3   147.114782315849     
           4   139.982142721634     
           5   130.468559318098     
           5  lowest eigenvalues - Lanczos
 iteration:          24
           1   34999.8688227451     
           2   151.545545127071     
           3   147.580822016114     
           4   140.989983648413     
           5   132.291746931826     
           5  lowest eigenvalues - Lanczos
 iteration:          25
           1   34999.8688227451     
           2   151.671369807143     
           3   147.976458484904     
           4   141.876477589286     
           5   133.851122659694     
           5  lowest eigenvalues - Lanczos
 iteration:          26
           1   34999.8688227451     
           2   151.781473194641     
           3   148.323426461812     
           4   142.682228141105     
           5   135.237273759835     
           5  lowest eigenvalues - Lanczos
 iteration:          27
           1   34999.8688227451     
           2   151.878443651137     
           3   148.633273187324     
           4   143.423709636883     
           5   136.489549868344     
           5  lowest eigenvalues - Lanczos
 iteration:          28
           1   34999.8688227451     
           2   151.964311451073     
           3   148.913794163662     
           4   144.106386642226     
           5   137.619552357523     
           5  lowest eigenvalues - Lanczos
 iteration:          29
           1   34999.8688227451     
           2   152.039657319807     
           3   149.166771975753     
           4   144.722464909608     
           5   138.619764648291     
           5  lowest eigenvalues - Lanczos
 iteration:          30
           1   34999.8688227451     
           2   152.106733383689     
           3   149.399023619762     
           4   145.280948845296     
           5   139.517024832907     
           5  lowest eigenvalues - Lanczos
 iteration:          31
           1   34999.8688227451     
           2   152.167078329633     
           3   149.614789770393     
           4   145.787918913792     
           5   140.333059669857     
           5  lowest eigenvalues - Lanczos
 iteration:          32
           1   34999.8688227451     
           2   152.220995522712     
           3   149.813667673872     
           4   146.241171336247     
           5   141.072469108936     
           5  lowest eigenvalues - Lanczos
 iteration:          33
           1   34999.8688227451     
           2   152.269199934644     
           3   149.996717726315     
           4   146.644838297252     
           5   141.746669457389     
           5  lowest eigenvalues - Lanczos
 iteration:          34
           1   34999.8688227451     
           2   152.311613740224     
           3   150.162202790330     
           4   146.998960861905     
           5   142.357095858266     
           5  lowest eigenvalues - Lanczos
 iteration:          35
           1   34999.8688227451     
           2   152.348997957349     
           3   150.312002773843     
           4   147.312484855610     
           5   142.918368159394     
           5  lowest eigenvalues - Lanczos
 iteration:          36
           1   34999.8688227451     
           2   152.382346166518     
           3   150.449396006506     
           4   147.596531443768     
           5   143.447635367235     
           5  lowest eigenvalues - Lanczos
 iteration:          37
           1   34999.8688227451     
           2   152.412319017516     
           3   150.576550576876     
           4   147.858447126354     
           5   143.952858169838     
           5  lowest eigenvalues - Lanczos
 iteration:          38
           1   34999.8688227451     
           2   152.439920896266     
           3   150.697239782962     
           4   148.107461874984     
           5   144.443302237153     
           5  lowest eigenvalues - Lanczos
 iteration:          39
           1   34999.8688227451     
           2   152.465311152163     
           3   150.811564167784     
           4   148.343843128529     
           5   144.908820464870     
           5  lowest eigenvalues - Lanczos
 iteration:          40
           1   34999.8688227451     
           2   152.488928225923     
           3   150.920770386493     
           4   148.569343723851     
           5   145.343600318700     
           5  lowest eigenvalues - Lanczos
 iteration:          41
           1   34999.8688227451     
           2   152.510683030460     
           3   151.023623111622     
           4   148.780259277097     
           5   145.735977226838     
           5  lowest eigenvalues - Lanczos
 iteration:          42
           1   34999.8688227451     
           2   152.531085140156     
           3   151.121753938542     
           4   148.979090764843     
           5   146.091361833876     
           5  lowest eigenvalues - Lanczos
 iteration:          43
           1   34999.8688227451     
           2   152.550498965728     
           3   151.216210852640     
           4   149.167360165196     
           5   146.415606172163     
           5  lowest eigenvalues - Lanczos
 iteration:          44
           1   34999.8688227451     
           2   152.568784274799     
           3   151.305598338257     
           4   149.342020241514     
           5   146.707571836221     
           5  lowest eigenvalues - Lanczos
 iteration:          45
           1   34999.8688227451     
           2   152.585976924840     
           3   151.389486957405     
           4   149.502622151376     
           5   146.971043383151     
           5  lowest eigenvalues - Lanczos
 iteration:          46
           1   34999.8688227451     
           2   152.602256352498     
           3   151.468316682405     
           4   149.650844278416     
           5   147.212664217347     
           5  lowest eigenvalues - Lanczos
 iteration:          47
           1   34999.8688227451     
           2   152.617746078087     
           3   151.542379658689     
           4   149.788203870406     
           5   147.437652746180     
           5  lowest eigenvalues - Lanczos
 iteration:          48
           1   34999.8688227451     
           2   152.632312828423     
           3   151.610874197315     
           4   149.914211659210     
           5   147.646830698103     
           5  lowest eigenvalues - Lanczos
 iteration:          49
           1   34999.8688227451     
           2   152.646081041509     
           3   151.674370020611     
           4   150.030879353482     
           5   147.844317256586     
           5  lowest eigenvalues - Lanczos
 iteration:          50
           1   34999.8688227451     
           2   152.659126631821     
           3   151.733280206418     
           4   150.139760676962     
           5   148.032825045063     
 Lanczos iterations finished...
