10.00	50.00	90.00	130.00	170.00	210.00	250.00	290.00	
20.00	60.00	100.00	140.00	180.00	220.00	260.00	300.00	
30.00	70.00	110.00	150.00	190.00	230.00	270.00	310.00	
50.00	90.00	130.00	170.00	210.00	250.00	290.00	330.00	
40.00	80.00	120.00	160.00	200.00	240.00	280.00	320.00	
60.00	100.00	140.00	180.00	220.00	260.00	300.00	340.00	
70.00	110.00	150.00	190.00	230.00	270.00	310.00	350.00	
80.00	120.00	160.00	200.00	240.00	280.00	320.00	360.00	

This is rank 0, device 0
360.00	

This is rank 1, device 1
680.00	

This is rank 2, device 2
1000.00	

This is rank 3, device 3

This is rank 4, device 0
1320.00	
1640.00	

This is rank 5, device 1
1960.00	

This is rank 6, device 2
2280.00	

This is rank 7, device 3
2600.00	
