           5  lowest eigenvalues - Lanczos
 iteration:           1
           1   14999.3790246901     
           2  0.000000000000000E+000
           3  0.000000000000000E+000
           4  0.000000000000000E+000
           5  0.000000000000000E+000
           5  lowest eigenvalues - Lanczos
 iteration:           2
           1   14999.5453250898     
           2  0.000000000000000E+000
           3  0.000000000000000E+000
           4  0.000000000000000E+000
           5  0.000000000000000E+000
           5  lowest eigenvalues - Lanczos
 iteration:           3
           1   14999.5453269108     
           2   49.9213290567113     
           3  0.000000000000000E+000
           4  0.000000000000000E+000
           5  0.000000000000000E+000
           5  lowest eigenvalues - Lanczos
 iteration:           4
           1   14999.5453269108     
           2   70.9233246273014     
           3  0.000000000000000E+000
           4  0.000000000000000E+000
           5  0.000000000000000E+000
           5  lowest eigenvalues - Lanczos
 iteration:           5
           1   14999.5453269108     
           2   81.3699125198656     
           3   31.0430124952518     
           4  0.000000000000000E+000
           5  0.000000000000000E+000
           5  lowest eigenvalues - Lanczos
 iteration:           6
           1   14999.5453269108     
           2   87.0612117287903     
           3   49.9520840694266     
           4  0.000000000000000E+000
           5  0.000000000000000E+000
           5  lowest eigenvalues - Lanczos
 iteration:           7
           1   14999.5453269108     
           2   90.4737642748137     
           3   62.3558592740047     
           4   22.4489034809799     
           5  0.000000000000000E+000
           5  lowest eigenvalues - Lanczos
 iteration:           8
           1   14999.5453269108     
           2   92.6826490649481     
           3   70.8410816718265     
           4   38.3554796568947     
           5  2.415096071431109E-002
           5  lowest eigenvalues - Lanczos
 iteration:           9
           1   14999.5453269108     
           2   94.1589291721641     
           3   76.6902662747119     
           4   49.8192772335377     
           5   17.3869437611858     
           5  lowest eigenvalues - Lanczos
 iteration:          10
           1   14999.5453269108     
           2   95.2237556509029     
           3   81.0383367900798     
           4   58.7901311292260     
           5   31.1836755805125     
           5  lowest eigenvalues - Lanczos
 iteration:          11
           1   14999.5453269108     
           2   96.0282054252880     
           3   84.3496501639260     
           4   65.6286081494893     
           5   41.5344180835341     
           5  lowest eigenvalues - Lanczos
 iteration:          12
           1   14999.5453269108     
           2   96.6520525695328     
           3   86.8769186087688     
           4   70.8290728214466     
           5   49.8581351097549     
           5  lowest eigenvalues - Lanczos
 iteration:          13
           1   14999.5453269108     
           2   97.1528249672982     
           3   88.8543285889620     
           4   74.9869100164051     
           5   56.8707280671788     
           5  lowest eigenvalues - Lanczos
 iteration:          14
           1   14999.5453269108     
           2   97.5616568876573     
           3   90.4169950597005     
           4   78.3499220702668     
           5   62.5050627408091     
           5  lowest eigenvalues - Lanczos
 iteration:          15
           1   14999.5453269108     
           2   97.8890146781172     
           3   91.6300877762156     
           4   81.0238795940101     
           5   66.9607865856637     
           5  lowest eigenvalues - Lanczos
 iteration:          16
           1   14999.5453269108     
           2   98.1565458696969     
           3   92.6070849647422     
           4   83.2597541129886     
           5   70.7696776319732     
           5  lowest eigenvalues - Lanczos
 iteration:          17
           1   14999.5453269108     
           2   98.3800239777278     
           3   93.4236164074092     
           4   85.1876137216908     
           5   74.0601336636599     
           5  lowest eigenvalues - Lanczos
 iteration:          18
           1   14999.5453269108     
           2   98.5655184537537     
           3   94.1067108990982     
           4   86.8100053664129     
           5   76.7672285625949     
           5  lowest eigenvalues - Lanczos
 iteration:          19
           1   14999.5453269108     
           2   98.7186211583903     
           3   94.6781465362618     
           4   88.1535022564168     
           5   78.9996054612022     
           5  lowest eigenvalues - Lanczos
 iteration:          20
           1   14999.5453269108     
           2   98.8470541115282     
           3   95.1674638682397     
           4   89.2916281381085     
           5   80.9445127044900     
           5  lowest eigenvalues - Lanczos
 iteration:          21
           1   14999.5453269108     
           2   98.9574154087188     
           3   95.5988548470439     
           4   90.2846862242182     
           5   82.7001933020473     
           5  lowest eigenvalues - Lanczos
 iteration:          22
           1   14999.5453269108     
           2   99.0491268934801     
           3   95.9669958573213     
           4   91.1207049982122     
           5   84.2047622502042     
           5  lowest eigenvalues - Lanczos
 iteration:          23
           1   14999.5453269108     
           2   99.1243309316351     
           3   96.2781428186983     
           4   91.8221252764500     
           5   85.4865980706220     
           5  lowest eigenvalues - Lanczos
 iteration:          24
           1   14999.5453269108     
           2   99.1886450372093     
           3   96.5544532239240     
           4   92.4477080761343     
           5   86.6527301956844     
           5  lowest eigenvalues - Lanczos
 iteration:          25
           1   14999.5453269108     
           2   99.2435476866258     
           3   96.8006842885533     
           4   93.0096327699906     
           5   87.7080713772613     
           5  lowest eigenvalues - Lanczos
 iteration:          26
           1   14999.5453269108     
           2   99.2918621984410     
           3   97.0272924524824     
           4   93.5280928183904     
           5   88.6672235903235     
           5  lowest eigenvalues - Lanczos
 iteration:          27
           1   14999.5453269108     
           2   99.3332123878279     
           3   97.2295087685447     
           4   93.9864380535360     
           5   89.4880086434404     
           5  lowest eigenvalues - Lanczos
 iteration:          28
           1   14999.5453269108     
           2   99.3680354565566     
           3   97.4064877713250     
           4   94.3817674948848     
           5   90.1780085651058     
           5  lowest eigenvalues - Lanczos
 iteration:          29
           1   14999.5453269108     
           2   99.3978877003146     
           3   97.5641555172486     
           4   94.7305352317905     
           5   90.7851939684322     
           5  lowest eigenvalues - Lanczos
 iteration:          30
           1   14999.5453269108     
           2   99.4235804287261     
           3   97.7054013149392     
           4   95.0424442443350     
           5   91.3374947701019     
           5  lowest eigenvalues - Lanczos
 iteration:          31
           1   14999.5453269108     
           2   99.4459420401627     
           3   97.8335580193011     
           4   95.3268386312317     
           5   91.8529968169134     
           5  lowest eigenvalues - Lanczos
 iteration:          32
           1   14999.5453269108     
           2   99.4657206314769     
           3   97.9518483865082     
           4   95.5914504450851     
           5   92.3406738140664     
           5  lowest eigenvalues - Lanczos
 iteration:          33
           1   14999.5453269108     
           2   99.4838433000551     
           3   98.0649001236873     
           4   95.8457525863188     
           5   92.8090732645309     
           5  lowest eigenvalues - Lanczos
 iteration:          34
           1   14999.5453269108     
           2   99.5002263749628     
           3   98.1710170396984     
           4   96.0834459532864     
           5   93.2370306861259     
           5  lowest eigenvalues - Lanczos
 iteration:          35
           1   14999.5453269108     
           2   99.5149501758475     
           3   98.2693454490516     
           4   96.3004437130563     
           5   93.6145884284272     
           5  lowest eigenvalues - Lanczos
 iteration:          36
           1   14999.5453269108     
           2   99.5282990030542     
           3   98.3606087619064     
           4   96.4976425729509     
           5   93.9476300962006     
           5  lowest eigenvalues - Lanczos
 iteration:          37
           1   14999.5453269108     
           2   99.5404186991431     
           3   98.4448845137259     
           4   96.6757035152585     
           5   94.2436505813981     
           5  lowest eigenvalues - Lanczos
 iteration:          38
           1   14999.5453269108     
           2   99.5514869106571     
           3   98.5227295374097     
           4   96.8370179279022     
           5   94.5121808832851     
           5  lowest eigenvalues - Lanczos
 iteration:          39
           1   14999.5453269108     
           2   99.5615270881706     
           3   98.5938268233816     
           4   96.9823677954890     
           5   94.7580459071100     
           5  lowest eigenvalues - Lanczos
 iteration:          40
           1   14999.5453269108     
           2   99.5708526675331     
           3   98.6600853149450     
           4   97.1169826702359     
           5   94.9917355162505     
           5  lowest eigenvalues - Lanczos
 iteration:          41
           1   14999.5453269108     
           2   99.5796317469331     
           3   98.7224556497033     
           4   97.2436978752358     
           5   95.2180068809064     
           5  lowest eigenvalues - Lanczos
 iteration:          42
           1   14999.5453269108     
           2   99.5880972962146     
           3   98.7823359269123     
           4   97.3658206247451     
           5   95.4409285387662     
           5  lowest eigenvalues - Lanczos
 iteration:          43
           1   14999.5453269108     
           2   99.5966051914970     
           3   98.8418438177605     
           4   97.4875645232313     
           5   95.6646291926610     
           5  lowest eigenvalues - Lanczos
 iteration:          44
           1   14999.5453269108     
           2   99.6051683957329     
           3   98.9004128797731     
           4   97.6069036772699     
           5   95.8803147708436     
           5  lowest eigenvalues - Lanczos
 iteration:          45
           1   14999.5453269108     
           2   99.6136381288730     
           3   98.9562890239605     
           4   97.7191590318692     
           5   96.0760211020725     
           5  lowest eigenvalues - Lanczos
 iteration:          46
           1   14999.5453269108     
           2   99.6223277234249     
           3   99.0107830552675     
           4   97.8262619468594     
           5   96.2549519925136     
           5  lowest eigenvalues - Lanczos
 iteration:          47
           1   14999.5453269108     
           2   99.6317115118516     
           3   99.0656992206188     
           4   97.9311526069705     
           5   96.4231689484876     
           5  lowest eigenvalues - Lanczos
 iteration:          48
           1   14999.5453269108     
           2   99.6418322122013     
           3   99.1197060990020     
           4   98.0307958550814     
           5   96.5775011415204     
           5  lowest eigenvalues - Lanczos
 iteration:          49
           1   14999.5453269108     
           2   99.6528759864872     
           3   99.1721167151004     
           4   98.1240318224072     
           5   96.7184957548386     
           5  lowest eigenvalues - Lanczos
 iteration:          50
           1   14999.5453269108     
           2   99.6649122506606     
           3   99.2216836112309     
           4   98.2094189472823     
           5   96.8463473936131     
 Lanczos iterations finished...
