Number of threads = 4
Thread 0 starting...
Thread 0 doing section 1
Thread 0: c[0]= 22.350000
Thread 0: c[1]= 24.850000
Thread 0: c[2]= 27.350000
Thread 0: c[3]= 29.850000
Thread 0: c[4]= 32.349998
Thread 1 starting...
Thread 3 starting...
Thread 1 doing section 2
Thread 1: d[0]= 0.000000
Thread 1: d[1]= 35.025002
Thread 1: d[2]= 73.050003
Thread 1: d[3]= 114.075005
Thread 1: d[4]= 158.100006
Thread 1: d[5]= 205.125000
Thread 1: d[6]= 255.150009
Thread 1: d[7]= 308.175018
Thread 1: d[8]= 364.200012
Thread 0: c[5]= 34.849998
Thread 0: c[6]= 37.349998
Thread 0: c[7]= 39.849998
Thread 0: c[8]= 42.349998
Thread 0: c[9]= 44.849998
Thread 0: c[10]= 47.349998
Thread 0: c[11]= 49.849998
Thread 0: c[12]= 52.349998
Thread 0: c[13]= 54.849998
Thread 0: c[14]= 57.349998
Thread 0: c[15]= 59.849998
Thread 0: c[16]= 62.349998
Thread 0: c[17]= 64.849998
Thread 0: c[18]= 67.349998
Thread 0: c[19]= 69.849998
Thread 0: c[20]= 72.349998
Thread 0: c[21]= 74.849998
Thread 2 starting...
Thread 2 done.
Thread 1: d[9]= 423.225006
Thread 1: d[10]= 485.249969
Thread 1: d[11]= 550.274963
Thread 1: d[12]= 618.299988
Thread 0: c[22]= 77.349998
Thread 0: c[23]= 79.849998
Thread 0: c[24]= 82.349998
Thread 0: c[25]= 84.849998
Thread 0: c[26]= 87.349998
Thread 0: c[27]= 89.849998
Thread 0: c[28]= 92.349998
Thread 0: c[29]= 94.849998
Thread 0: c[30]= 97.349998
Thread 0: c[31]= 99.849998
Thread 0: c[32]= 102.349998
Thread 0: c[33]= 104.849998
Thread 0: c[34]= 107.349998
Thread 0: c[35]= 109.849998
Thread 0: c[36]= 112.349998
Thread 0: c[37]= 114.849998
Thread 0: c[38]= 117.349998
Thread 0: c[39]= 119.849998
Thread 0: c[40]= 122.349998
Thread 0: c[41]= 124.849998
Thread 0: c[42]= 127.349998
Thread 0: c[43]= 129.850006
Thread 0: c[44]= 132.350006
Thread 0: c[45]= 134.850006
Thread 0: c[46]= 137.350006
Thread 0: c[47]= 139.850006
Thread 0: c[48]= 142.350006
Thread 0: c[49]= 144.850006
Thread 1: d[13]= 689.324951
Thread 3 done.
Thread 1: d[14]= 763.349976
Thread 1: d[15]= 840.374939
Thread 1: d[16]= 920.399963
Thread 1: d[17]= 1003.424988
Thread 1: d[18]= 1089.449951
Thread 0 done.
Thread 1: d[19]= 1178.474976
Thread 1: d[20]= 1270.500000
Thread 1: d[21]= 1365.524902
Thread 1: d[22]= 1463.549927
Thread 1: d[23]= 1564.574951
Thread 1: d[24]= 1668.599976
Thread 1: d[25]= 1775.625000
Thread 1: d[26]= 1885.649902
Thread 1: d[27]= 1998.674927
Thread 1: d[28]= 2114.699951
Thread 1: d[29]= 2233.724854
Thread 1: d[30]= 2355.750000
Thread 1: d[31]= 2480.774902
Thread 1: d[32]= 2608.799805
Thread 1: d[33]= 2739.824951
Thread 1: d[34]= 2873.849854
Thread 1: d[35]= 3010.875000
Thread 1: d[36]= 3150.899902
Thread 1: d[37]= 3293.924805
Thread 1: d[38]= 3439.949951
Thread 1: d[39]= 3588.974854
Thread 1: d[40]= 3741.000000
Thread 1: d[41]= 3896.024902
Thread 1: d[42]= 4054.049805
Thread 1: d[43]= 4215.074707
Thread 1: d[44]= 4379.100098
Thread 1: d[45]= 4546.125000
Thread 1: d[46]= 4716.149902
Thread 1: d[47]= 4889.174805
Thread 1: d[48]= 5065.199707
Thread 1: d[49]= 5244.225098
Thread 1 done.
