           5  lowest eigenvalues - Lanczos, exact
 iteration:           1
           1   49.8653454477317        50.0109460873557     
           2  0.000000000000000E+000   5.19875053092608     
           3  0.000000000000000E+000   5.18567834116600     
           4  0.000000000000000E+000   5.00141432508218     
           5  0.000000000000000E+000   4.80328316503721     
           5  lowest eigenvalues - Lanczos, exact
 iteration:           2
           1   50.0104835368772        50.0109460873557     
           2  0.000000000000000E+000   5.19875053092608     
           3  0.000000000000000E+000   5.18567834116600     
           4  0.000000000000000E+000   5.00141432508218     
           5  0.000000000000000E+000   4.80328316503721     
           5  lowest eigenvalues - Lanczos, exact
 iteration:           3
           1   50.0109441147906        50.0109460873557     
           2   2.23815199991313        5.19875053092608     
           3  0.000000000000000E+000   5.18567834116600     
           4  0.000000000000000E+000   5.00141432508218     
           5  0.000000000000000E+000   4.80328316503721     
           5  lowest eigenvalues - Lanczos, exact
 iteration:           4
           1   50.0109460798943        50.0109460873557     
           2   3.69448411485850        5.19875053092608     
           3  0.000000000000000E+000   5.18567834116600     
           4  0.000000000000000E+000   5.00141432508218     
           5  0.000000000000000E+000   4.80328316503721     
           5  lowest eigenvalues - Lanczos, exact
 iteration:           5
           1   50.0109460873355        50.0109460873557     
           2   4.56239706522494        5.19875053092608     
           3   1.50663754167887        5.18567834116600     
           4  0.000000000000000E+000   5.00141432508218     
           5  0.000000000000000E+000   4.80328316503721     
           5  lowest eigenvalues - Lanczos, exact
 iteration:           6
           1   50.0109460873556        50.0109460873557     
           2   4.87805574390010        5.19875053092608     
           3   2.32859803786569        5.18567834116600     
           4  0.000000000000000E+000   5.00141432508218     
           5  0.000000000000000E+000   4.80328316503721     
           5  lowest eigenvalues - Lanczos, exact
 iteration:           7
           1   50.0109460873557        50.0109460873557     
           2   5.04329670834897        5.19875053092608     
           3   3.17170805673256        5.18567834116600     
           4   1.16947497197066        5.00141432508218     
           5  0.000000000000000E+000   4.80328316503721     
           5  lowest eigenvalues - Lanczos, exact
 iteration:           8
           1   50.0109460873557        50.0109460873557     
           2   5.14059321409183        5.19875053092608     
           3   3.77648989749053        5.18567834116600     
           4   1.81438290322595        5.00141432508218     
           5  0.000000000000000E+000   4.80328316503721     
           5  lowest eigenvalues - Lanczos, exact
 iteration:           9
           1   50.0109460873557        50.0109460873557     
           2   5.16808236235306        5.19875053092608     
           3   3.96384005925377        5.18567834116600     
           4   2.11236591397104        5.00141432508218     
           5  0.548453103477560        4.80328316503721     
           5  lowest eigenvalues - Lanczos, exact
 iteration:          10
           1   50.0109460873557        50.0109460873557     
           2   5.17891051650267        5.19875053092608     
           3   4.08708241666489        5.18567834116600     
           4   2.71654501370492        5.00141432508218     
           5   1.58775698936466        4.80328316503721     
           5  lowest eigenvalues - Lanczos, exact
 iteration:          11
           1   50.0109460873557        50.0109460873557     
           2   5.18408766488653        5.19875053092608     
           3   4.21955735915441        5.18567834116600     
           4   3.38628187911402        5.00141432508218     
           5   1.93601025459826        4.80328316503721     
           5  lowest eigenvalues - Lanczos, exact
 iteration:          12
           1   50.0109460873557        50.0109460873557     
           2   5.18713756497066        5.19875053092608     
           3   4.38358689430099        5.18567834116600     
           4   3.72961505300334        5.00141432508218     
           5   2.18601731107471        4.80328316503721     
           5  lowest eigenvalues - Lanczos, exact
 iteration:          13
           1   50.0109460873557        50.0109460873557     
           2   5.19001250939840        5.19875053092608     
           3   4.60941265284947        5.18567834116600     
           4   3.93556130971285        5.00141432508218     
           5   2.70890136650200        4.80328316503721     
           5  lowest eigenvalues - Lanczos, exact
 iteration:          14
           1   50.0109460873557        50.0109460873557     
           2   5.19207925039223        5.19875053092608     
           3   4.75840991095125        5.18567834116600     
           4   4.02694460222598        5.00141432508218     
           5   3.08952462540096        4.80328316503721     
           5  lowest eigenvalues - Lanczos, exact
 iteration:          15
           1   50.0109460873557        50.0109460873557     
           2   5.19349298769299        5.19875053092608     
           3   4.84517919966478        5.18567834116600     
           4   4.09197158158115        5.00141432508218     
           5   3.39455485971742        4.80328316503721     
           5  lowest eigenvalues - Lanczos, exact
 iteration:          16
           1   50.0109460873557        50.0109460873557     
           2   5.19421139517349        5.19875053092608     
           3   4.88688085483902        5.18567834116600     
           4   4.14626471168752        5.00141432508218     
           5   3.61783564621041        4.80328316503721     
           5  lowest eigenvalues - Lanczos, exact
 iteration:          17
           1   50.0109460873557        50.0109460873557     
           2   5.19466140597221        5.19875053092608     
           3   4.91495721878220        5.18567834116600     
           4   4.22680209330933        5.00141432508218     
           5   3.82972455687359        4.80328316503721     
           5  lowest eigenvalues - Lanczos, exact
 iteration:          18
           1   50.0109460873557        50.0109460873557     
           2   5.19501852190971        5.19875053092608     
           3   4.94145273450610        5.18567834116600     
           4   4.39104150290959        5.00141432508218     
           5   3.99704951468348        4.80328316503721     
           5  lowest eigenvalues - Lanczos, exact
 iteration:          19
           1   50.0109460873557        50.0109460873557     
           2   5.19530641751532        5.19875053092608     
           3   4.96777132705339        5.18567834116600     
           4   4.56138221700448        5.00141432508218     
           5   4.06805513337750        4.80328316503721     
           5  lowest eigenvalues - Lanczos, exact
 iteration:          20
           1   50.0109460873557        50.0109460873557     
           2   5.19554191161178        5.19875053092608     
           3   4.99379440231424        5.18567834116600     
           4   4.67681174846301        5.00141432508218     
           5   4.10980107066655        4.80328316503721     
           5  lowest eigenvalues - Lanczos, exact
 iteration:          21
           1   50.0109460873557        50.0109460873557     
           2   5.19567196358896        5.19875053092608     
           3   5.01024389068774        5.18567834116600     
           4   4.72995309862832        5.00141432508218     
           5   4.13945468555465        4.80328316503721     
           5  lowest eigenvalues - Lanczos, exact
 iteration:          22
           1   50.0109460873557        50.0109460873557     
           2   5.19574802143631        5.19875053092608     
           3   5.02112586940889        5.18567834116600     
           4   4.76172795124141        5.00141432508218     
           5   4.17802463845432        4.80328316503721     
           5  lowest eigenvalues - Lanczos, exact
 iteration:          23
           1   50.0109460873557        50.0109460873557     
           2   5.19581551250246        5.19875053092608     
           3   5.03269566372561        5.18567834116600     
           4   4.79744023937456        5.00141432508218     
           5   4.31478617841067        4.80328316503721     
           5  lowest eigenvalues - Lanczos, exact
 iteration:          24
           1   50.0109460873557        50.0109460873557     
           2   5.19590783549694        5.19875053092608     
           3   5.05320700575410        5.18567834116600     
           4   4.86166065472268        5.00141432508218     
           5   4.55240825842295        4.80328316503721     
           5  lowest eigenvalues - Lanczos, exact
 iteration:          25
           1   50.0109460873557        50.0109460873557     
           2   5.19603475088103        5.19875053092608     
           3   5.08572960095131        5.18567834116600     
           4   4.92576977911137        5.00141432508218     
           5   4.65120378245166        4.80328316503721     
           5  lowest eigenvalues - Lanczos, exact
 iteration:          26
           1   50.0109460873557        50.0109460873557     
           2   5.19618716551325        5.19875053092608     
           3   5.11652479930101        5.18567834116600     
           4   4.95665872463442        5.00141432508218     
           5   4.68628865169380        4.80328316503721     
           5  lowest eigenvalues - Lanczos, exact
 iteration:          27
           1   50.0109460873557        50.0109460873557     
           2   5.19639091649175        5.19875053092608     
           3   5.14100530086637        5.18567834116600     
           4   4.97286958283141        5.00141432508218     
           5   4.70771111282186        4.80328316503721     
           5  lowest eigenvalues - Lanczos, exact
 iteration:          28
           1   50.0109460873557        50.0109460873557     
           2   5.19669530038892        5.19875053092608     
           3   5.15956307125968        5.18567834116600     
           4   4.98333366538708        5.00141432508218     
           5   4.72676730695102        4.80328316503721     
           5  lowest eigenvalues - Lanczos, exact
 iteration:          29
           1   50.0109460873557        50.0109460873557     
           2   5.19721117087155        5.19875053092608     
           3   5.17336820525748        5.18567834116600     
           4   4.99137062182572        5.00141432508218     
           5   4.74904309520265        4.80328316503721     
           5  lowest eigenvalues - Lanczos, exact
 iteration:          30
           1   50.0109460873557        50.0109460873557     
           2   5.19787823298589        5.19875053092608     
           3   5.18099332466819        5.18567834116600     
           4   4.99665949340460        5.00141432508218     
           5   4.77092012954854        4.80328316503721     
           5  lowest eigenvalues - Lanczos, exact
 iteration:          31
           1   50.0109460873557        50.0109460873557     
           2   5.19839212127049        5.19875053092608     
           3   5.18413705536979        5.18567834116600     
           4   4.99945384420386        5.00141432508218     
           5   4.78634396981200        4.80328316503721     
           5  lowest eigenvalues - Lanczos, exact
 iteration:          32
           1   50.0109460873557        50.0109460873557     
           2   5.19862284465349        5.19875053092608     
           3   5.18517067842760        5.18567834116600     
           4   5.00061653068441        5.00141432508218     
           5   4.79429633567639        4.80328316503721     
           5  lowest eigenvalues - Lanczos, exact
 iteration:          33
           1   50.0109460873557        50.0109460873557     
           2   5.19869209568209        5.19875053092608     
           3   5.18544968087533        5.18567834116600     
           4   5.00099192941117        5.00141432508218     
           5   4.79736037443139        4.80328316503721     
           5  lowest eigenvalues - Lanczos, exact
 iteration:          34
           1   50.0109460873557        50.0109460873557     
           2   5.19872837012742        5.19875053092608     
           3   5.18559175162725        5.18567834116600     
           4   5.00122014076403        5.00141432508218     
           5   4.79965091419303        4.80328316503721     
           5  lowest eigenvalues - Lanczos, exact
 iteration:          35
           1   50.0109460873557        50.0109460873557     
           2   5.19874295561080        5.19875053092608     
           3   5.18564850875464        5.18567834116600     
           4   5.00133118697898        5.00141432508218     
           5   4.80108521324420        4.80328316503721     
           5  lowest eigenvalues - Lanczos, exact
 iteration:          36
           1   50.0109460873557        50.0109460873557     
           2   5.19874720272540        5.19875053092608     
           3   5.18566509958123        5.18567834116600     
           4   5.00136973233313        5.00141432508218     
           5   4.80171207836641        4.80328316503721     
           5  lowest eigenvalues - Lanczos, exact
 iteration:          37
           1   50.0109460873557        50.0109460873557     
           2   5.19874893025225        5.19875053092608     
           3   5.18567190372624        5.18567834116600     
           4   5.00138834741647        5.00141432508218     
           5   4.80208997085672        4.80328316503721     
           5  lowest eigenvalues - Lanczos, exact
 iteration:          38
           1   50.0109460873557        50.0109460873557     
           2   5.19874981237610        5.19875053092608     
           3   5.18567541662809        5.18567834116600     
           4   5.00139996097122        5.00141432508218     
           5   4.80239797226433        4.80328316503721     
           5  lowest eigenvalues - Lanczos, exact
 iteration:          39
           1   50.0109460873557        50.0109460873557     
           2   5.19875024848514        5.19875053092608     
           3   5.18567717623089        5.18567834116600     
           4   5.00140720158571        5.00141432508218     
           5   4.80266556939511        4.80328316503721     
           5  lowest eigenvalues - Lanczos, exact
 iteration:          40
           1   50.0109460873557        50.0109460873557     
           2   5.19875042629449        5.19875053092608     
           3   5.18567790323908        5.18567834116600     
           4   5.00141093362648        5.00141432508218     
           5   4.80286291824517        4.80328316503721     
           5  lowest eigenvalues - Lanczos, exact
 iteration:          41
           1   50.0109460873557        50.0109460873557     
           2   5.19875047734534        5.19875053092608     
           3   5.18567811452029        5.18567834116600     
           4   5.00141225580541        5.00141432508218     
           5   4.80295924013066        4.80328316503721     
           5  lowest eigenvalues - Lanczos, exact
 iteration:          42
           1   50.0109460873557        50.0109460873557     
           2   5.19875050829268        5.19875053092608     
           3   5.18567824433658        5.18567834116600     
           4   5.00141326620171        5.00141432508218     
           5   4.80306415706393        4.80328316503721     
           5  lowest eigenvalues - Lanczos, exact
 iteration:          43
           1   50.0109460873557        50.0109460873557     
           2   5.19875052558119        5.19875053092608     
           3   5.18567831800515        5.18567834116600     
           4   5.00141401217869        5.00141432508218     
           5   4.80318944956559        4.80328316503721     
           5  lowest eigenvalues - Lanczos, exact
 iteration:          44
           1   50.0109460873557        50.0109460873557     
           2   5.19875052941549        5.19875053092608     
           3   5.18567833455144        5.18567834116600     
           4   5.00141421955276        5.00141432508218     
           5   4.80324206078847        4.80328316503721     
           5  lowest eigenvalues - Lanczos, exact
 iteration:          45
           1   50.0109460873557        50.0109460873557     
           2   5.19875053036713        5.19875053092608     
           3   5.18567833869479        5.18567834116600     
           4   5.00141427940113        5.00141432508218     
           5   4.80326139645537        4.80328316503721     
           5  lowest eigenvalues - Lanczos, exact
 iteration:          46
           1   50.0109460873557        50.0109460873557     
           2   5.19875053072173        5.19875053092608     
           3   5.18567834025394        5.18567834116600     
           4   5.00141430559018        5.00141432508218     
           5   4.80327190971933        4.80328316503721     
           5  lowest eigenvalues - Lanczos, exact
 iteration:          47
           1   50.0109460873557        50.0109460873557     
           2   5.19875053086184        5.19875053092608     
           3   5.18567834087658        5.18567834116600     
           4   5.00141431791981        5.00141432508218     
           5   4.80327814262483        4.80328316503721     
           5  lowest eigenvalues - Lanczos, exact
 iteration:          48
           1   50.0109460873557        50.0109460873557     
           2   5.19875053090881        5.19875053092608     
           3   5.18567834108751        5.18567834116600     
           4   5.00141432283722        5.00141432508218     
           5   4.80328126414163        4.80328316503721     
           5  lowest eigenvalues - Lanczos, exact
 iteration:          49
           1   50.0109460873557        50.0109460873557     
           2   5.19875053092217        5.19875053092608     
           3   5.18567834114816        5.18567834116600     
           4   5.00141432449576        5.00141432508218     
           5   4.80328257187636        4.80328316503721     
           5  lowest eigenvalues - Lanczos, exact
 iteration:          50
           1   50.0109460873557        50.0109460873557     
           2   5.19875053092515        5.19875053092608     
           3   5.18567834116181        5.18567834116600     
           4   5.00141432492570        5.00141432508218     
           5   4.80328297967488        4.80328316503721     
 Lanczos iterations finished...
